{
  "experiment": "Q9 fair komi on 4^3 via trained net (mean signed margin)",
  "ckpt": "best_batched_4cubed.pt",
  "boardSize": 4,
  "games": 256,
  "sims": 48,
  "mean_area_diff_black_minus_white": 1.914,
  "std_area_diff": 10.468,
  "se_of_mean": 0.654,
  "fair_komi_estimate": 1.91,
  "se_le_0p5": false,
  "diff_histogram": {
    "-36": 1,
    "-33": 1,
    "-31": 1,
    "-28": 1,
    "-27": 2,
    "-26": 1,
    "-25": 1,
    "-20": 1,
    "-13": 1,
    "-9": 1,
    "-8": 1,
    "-7": 2,
    "-6": 1,
    "-5": 6,
    "-4": 16,
    "-3": 9,
    "-2": 20,
    "-1": 19,
    "0": 55,
    "1": 21,
    "2": 18,
    "3": 13,
    "4": 11,
    "5": 11,
    "6": 4,
    "7": 9,
    "8": 4,
    "9": 1,
    "11": 1,
    "14": 2,
    "15": 1,
    "17": 1,
    "20": 1,
    "25": 1,
    "27": 3,
    "29": 2,
    "30": 3,
    "32": 2,
    "33": 2,
    "34": 1,
    "35": 3,
    "36": 1
  },
  "komi_winrates": {
    "0.0": {
      "black_winrate": 0.577,
      "B": 116,
      "W": 85,
      "draws": 55
    },
    "0.91": {
      "black_winrate": 0.453,
      "B": 116,
      "W": 140,
      "draws": 0
    },
    "2.0": {
      "black_winrate": 0.324,
      "B": 77,
      "W": 161,
      "draws": 18
    },
    "1.91": {
      "black_winrate": 0.371,
      "B": 95,
      "W": 161,
      "draws": 0
    },
    "2.91": {
      "black_winrate": 0.301,
      "B": 77,
      "W": 179,
      "draws": 0
    }
  }
}
